0 info it worked if it ends with ok
1 verbose cli [ '/usr/bin/nodejs', '/usr/bin/npm', 'run', 'debug' ]
2 info using npm@3.9.5
3 info using node@v6.2.2
4 verbose run-script [ 'predebug', 'debug', 'postdebug' ]
5 info lifecycle rest0@0.0.0~predebug: rest0@0.0.0
6 silly lifecycle rest0@0.0.0~predebug: no script for predebug, continuing
7 info lifecycle rest0@0.0.0~debug: rest0@0.0.0
8 verbose lifecycle rest0@0.0.0~debug: unsafe-perm in lifecycle true
9 verbose lifecycle rest0@0.0.0~debug: PATH: /usr/lib/node_modules/npm/bin/node-gyp-bin:/home/foxyboy/node/rest0/node_modules/.bin:/usr/bin:/home/foxyboy/bin:/opt/android-ndk-r10e:./node_modules/.bin:/home/foxyboy/bin:/usr/local/sbin:/usr/local/bin:/usr/sbin:/usr/bin:/sbin:/bin:/usr/games:/usr/local/games:/snap/bin:/snap/bin
10 verbose lifecycle rest0@0.0.0~debug: CWD: /home/foxyboy/node/rest0
11 silly lifecycle rest0@0.0.0~debug: Args: [ '-c',
11 silly lifecycle   'babel-watch --presets es2015,es2016 --source-maps server-debug.js' ]
12 silly lifecycle rest0@0.0.0~debug: Returned: code: 1  signal: null
13 info lifecycle rest0@0.0.0~debug: Failed to exec debug script
14 verbose stack Error: rest0@0.0.0 debug: `babel-watch --presets es2015,es2016 --source-maps server-debug.js`
14 verbose stack Exit status 1
14 verbose stack     at EventEmitter.<anonymous> (/usr/lib/node_modules/npm/lib/utils/lifecycle.js:245:16)
14 verbose stack     at emitTwo (events.js:106:13)
14 verbose stack     at EventEmitter.emit (events.js:191:7)
14 verbose stack     at ChildProcess.<anonymous> (/usr/lib/node_modules/npm/lib/utils/spawn.js:24:14)
14 verbose stack     at emitTwo (events.js:106:13)
14 verbose stack     at ChildProcess.emit (events.js:191:7)
14 verbose stack     at maybeClose (internal/child_process.js:852:16)
14 verbose stack     at Process.ChildProcess._handle.onexit (internal/child_process.js:215:5)
15 verbose pkgid rest0@0.0.0
16 verbose cwd /home/foxyboy/node/rest0
17 error Linux 4.4.0-28-generic
18 error argv "/usr/bin/nodejs" "/usr/bin/npm" "run" "debug"
19 error node v6.2.2
20 error npm  v3.9.5
21 error code ELIFECYCLE
22 error rest0@0.0.0 debug: `babel-watch --presets es2015,es2016 --source-maps server-debug.js`
22 error Exit status 1
23 error Failed at the rest0@0.0.0 debug script 'babel-watch --presets es2015,es2016 --source-maps server-debug.js'.
23 error Make sure you have the latest version of node.js and npm installed.
23 error If you do, this is most likely a problem with the rest0 package,
23 error not with npm itself.
23 error Tell the author that this fails on your system:
23 error     babel-watch --presets es2015,es2016 --source-maps server-debug.js
23 error You can get information on how to open an issue for this project with:
23 error     npm bugs rest0
23 error Or if that isn't available, you can get their info via:
23 error     npm owner ls rest0
23 error There is likely additional logging output above.
24 verbose exit [ 1, true ]
